#
# A fatal error has been detected by the Java Runtime Environment:
#
#  EXCEPTION_ACCESS_VIOLATION (0xc0000005) at pc=0x000000006aa04bc2, pid=9036, tid=9804
#
# JRE version: Java(TM) SE Runtime Environment (8.0_05-b13) (build 1.8.0_05-b13)
# Java VM: Java HotSpot(TM) 64-Bit Server VM (25.5-b02 mixed mode windows-amd64 compressed oops)
# Problematic frame:
# V  [jvm.dll+0x424bc2]
#
# Failed to write core dump. Minidumps are not enabled by default on client versions of Windows
#
# If you would like to submit a bug report, please visit:
#   http://bugreport.sun.com/bugreport/crash.jsp
#

---------------  T H R E A D  ---------------

Current thread (0x00000000142c6800):  JavaThread "C2 CompilerThread1" daemon [_thread_in_native, id=9804, stack(0x0000000015cd0000,0x0000000015dd0000)]

siginfo: ExceptionCode=0xc0000005, reading address 0x0000000000000000

Registers:
RAX=0x00000000176469e8, RBX=0x0000000000000600, RCX=0x0000000000000000, RDX=0x0000000017642290
RSP=0x0000000015dcc0f0, RBP=0x00000000000000c0, RSI=0x00000000000000b8, RDI=0x0000000000000000
R8 =0x000000006a5e0000, R9 =0x0000000015dcc410, R10=0x00000000ffffffff, R11=0x00000000158cc8e0
R12=0x00000000176470f0, R13=0x0000000017317da8, R14=0x0000000000000008, R15=0x0000000017317da8
RIP=0x000000006aa04bc2, EFLAGS=0x0000000000010206

Top of Stack: (sp=0x0000000015dcc0f0)
0x0000000015dcc0f0:   00000000000000da 0000000019b0cde0
0x0000000015dcc100:   0000000000000000 000000001cb0bb08
0x0000000015dcc110:   0000000000000001 0000000000000600
0x0000000015dcc120:   0000000000000180 00000000000000c0
0x0000000015dcc130:   0000000017046dc0 00000000142bcaf0
0x0000000015dcc140:   0000000000000750 0000000019b0cde0
0x0000000015dcc150:   0000000015dcc410 0000000017643a90
0x0000000015dcc160:   0000000000000020 0000000000000009
0x0000000015dcc170:   00000000176470c0 00000000000000da
0x0000000015dcc180:   0000000017317da8 000000006aa0579d
0x0000000015dcc190:   00000000176470c0 000000000000001c
0x0000000015dcc1a0:   00000000000000da 0000000015dcc410
0x0000000015dcc1b0:   0000000017642290 00000000000000da
0x0000000015dcc1c0:   0000000017643a90 0000000000000020
0x0000000015dcc1d0:   000000001a076cf0 0000000015dce780
0x0000000015dcc1e0:   000000001a077320 00000000176470c0 

Instructions: (pc=0x000000006aa04bc2)
0x000000006aa04ba2:   c6 48 63 f0 48 03 f1 eb 04 48 83 ce ff 48 8b 84
0x000000006aa04bb2:   24 a0 00 00 00 48 8b 40 08 48 8b 3c 03 48 8b cf
0x000000006aa04bc2:   48 8b 07 ff 50 28 4c 8d 05 31 b4 bd ff 48 63 50
0x000000006aa04bd2:   10 4c 8b d8 48 8b ca 48 c1 e1 05 42 80 bc 01 c0 


Register to memory mapping:

RAX=0x00000000176469e8 is an unknown value
RBX=0x0000000000000600 is an unknown value
RCX=0x0000000000000000 is an unknown value
RDX=0x0000000017642290 is an unknown value
RSP=0x0000000015dcc0f0 is pointing into the stack for thread: 0x00000000142c6800
RBP=0x00000000000000c0 is an unknown value
RSI=0x00000000000000b8 is an unknown value
RDI=0x0000000000000000 is an unknown value
R8 =0x000000006a5e0000 is an unknown value
R9 =0x0000000015dcc410 is pointing into the stack for thread: 0x00000000142c6800
R10=0x00000000ffffffff is an unknown value
R11=0x00000000158cc8e0 is an unknown value
R12=0x00000000176470f0 is an unknown value
R13=0x0000000017317da8 is an unknown value
R14=0x0000000000000008 is an unknown value
R15=0x0000000017317da8 is an unknown value


Stack: [0x0000000015cd0000,0x0000000015dd0000],  sp=0x0000000015dcc0f0,  free space=1008k
Native frames: (J=compiled Java code, j=interpreted, Vv=VM code, C=native code)
V  [jvm.dll+0x424bc2]
V  [jvm.dll+0x42579d]
V  [jvm.dll+0x425cdf]
V  [jvm.dll+0x4c5874]
V  [jvm.dll+0x44123c]
V  [jvm.dll+0x4436a9]
V  [jvm.dll+0x427532]
V  [jvm.dll+0x96702]
V  [jvm.dll+0x96ef3]
V  [jvm.dll+0x2232c4]
V  [jvm.dll+0x27baca]
C  [msvcr100.dll+0x21d9f]
C  [msvcr100.dll+0x21e3b]
C  [KERNEL32.DLL+0x18102]
C  [ntdll.dll+0x5c2e4]


Current CompileTask:
C2:  29109 6606       4       groovy.lang.MetaClassImpl::findPropertyMethod (356 bytes)


---------------  P R O C E S S  ---------------

Java Threads: ( => current thread )
  0x000000001726b000 JavaThread "Statistics Thread-__DEFAULT__-1" daemon [_thread_blocked, id=1580, stack(0x000000001e4e0000,0x000000001e5e0000)]
  0x0000000017269800 JavaThread "chineseweb%002esecurity%002e%0052ole.data" [_thread_blocked, id=2900, stack(0x000000001e3e0000,0x000000001e4e0000)]
  0x0000000017173800 JavaThread "__DEFAULT__" daemon [_thread_blocked, id=4844, stack(0x000000001bd80000,0x000000001be80000)]
  0x0000000017532800 JavaThread "PoolCleaner[1143390193:1453168830615]" daemon [_thread_blocked, id=11580, stack(0x000000001b9b0000,0x000000001bab0000)]
  0x0000000017071800 JavaThread "FileSystemWatcher: files=#205 cl=groovy.lang.GroovyClassLoader@4426bff1" daemon [_thread_blocked, id=7448, stack(0x000000001b0b0000,0x000000001b1b0000)]
  0x0000000017073800 JavaThread "localhost-startStop-1" daemon [_thread_in_native, id=6740, stack(0x000000001afb0000,0x000000001b0b0000)]
  0x0000000017073000 JavaThread "Tomcat-startStop-1" daemon [_thread_blocked, id=3380, stack(0x000000001aeb0000,0x000000001afb0000)]
  0x0000000016169000 JavaThread "Thread-3" [_thread_in_native, id=8704, stack(0x000000001abb0000,0x000000001acb0000)]
  0x0000000018f3d800 JavaThread "Thread-2" [_thread_blocked, id=11380, stack(0x0000000019190000,0x0000000019290000)]
  0x0000000016563800 JavaThread "NonBlockingInputStreamThread" daemon [_thread_blocked, id=9832, stack(0x0000000016ef0000,0x0000000016ff0000)]
  0x0000000015a04800 JavaThread "Service Thread" daemon [_thread_blocked, id=6848, stack(0x0000000015ed0000,0x0000000015fd0000)]
  0x00000000142ba000 JavaThread "C1 CompilerThread2" daemon [_thread_blocked, id=3132, stack(0x0000000015dd0000,0x0000000015ed0000)]
=>0x00000000142c6800 JavaThread "C2 CompilerThread1" daemon [_thread_in_native, id=9804, stack(0x0000000015cd0000,0x0000000015dd0000)]
  0x000000001587f000 JavaThread "C2 CompilerThread0" daemon [_thread_in_native, id=2312, stack(0x0000000015bd0000,0x0000000015cd0000)]
  0x000000001426e000 JavaThread "Attach Listener" daemon [_thread_blocked, id=3540, stack(0x00000000156d0000,0x00000000157d0000)]
  0x000000001426d000 JavaThread "Signal Dispatcher" daemon [_thread_blocked, id=4872, stack(0x00000000155d0000,0x00000000156d0000)]
  0x00000000024f7000 JavaThread "Finalizer" daemon [_thread_blocked, id=8252, stack(0x00000000154d0000,0x00000000155d0000)]
  0x00000000024ec800 JavaThread "Reference Handler" daemon [_thread_blocked, id=6004, stack(0x00000000153d0000,0x00000000154d0000)]
  0x0000000002403800 JavaThread "main" [_thread_blocked, id=4076, stack(0x0000000002200000,0x0000000002300000)]

Other Threads:
  0x0000000014235800 VMThread [stack: 0x00000000152d0000,0x00000000153d0000] [id=7500]
  0x0000000015a05800 WatcherThread [stack: 0x0000000015fd0000,0x00000000160d0000] [id=10016]

VM state:not at safepoint (normal execution)

VM Mutex/Monitor currently owned by a thread: None

Heap:
 PSYoungGen      total 206848K, used 102181K [0x00000000f0000000, 0x0000000100000000, 0x0000000100000000)
  eden space 161280K, 41% used [0x00000000f0000000,0x00000000f41c38d8,0x00000000f9d80000)
  from space 45568K, 76% used [0x00000000fce00000,0x00000000ff005db8,0x00000000ffa80000)
  to   space 49664K, 0% used [0x00000000f9d80000,0x00000000f9d80000,0x00000000fce00000)
 ParOldGen       total 87552K, used 78723K [0x00000000d0000000, 0x00000000d5580000, 0x00000000f0000000)
  object space 87552K, 89% used [0x00000000d0000000,0x00000000d4ce0da0,0x00000000d5580000)
 Metaspace       used 64435K, capacity 66084K, committed 66380K, reserved 1107968K
  class space    used 7028K, capacity 7504K, committed 7552K, reserved 1048576K

Card table byte_map: [0x00000000118c0000,0x0000000011a50000] byte_map_base: 0x0000000011240000

Marking Bits: (ParMarkBitMap*) 0x000000006ad913b0
 Begin Bits: [0x0000000011f50000, 0x0000000012b50000)
 End Bits:   [0x0000000012b50000, 0x0000000013750000)

Polling page: 0x00000000001f0000

CodeCache: size=245760Kb used=21447Kb max_used=21745Kb free=224312Kb
 bounds [0x0000000002500000, 0x0000000003a60000, 0x0000000011500000]
 total_blobs=6434 nmethods=5665 adapters=678
 compilation: enabled

Compilation events (10 events):
Event: 29.075 Thread 0x00000000142ba000 6620       2       groovy.lang.MetaClassImpl::findMatchingMethod (93 bytes)
Event: 29.076 Thread 0x00000000142ba000 nmethod 6620 0x0000000002b43f50 code [0x0000000002b440e0, 0x0000000002b44418]
Event: 29.082 Thread 0x00000000142ba000 6621       3       sun.reflect.MethodAccessorGenerator::isInterface (8 bytes)
Event: 29.082 Thread 0x00000000142ba000 nmethod 6621 0x000000000298f290 code [0x000000000298f400, 0x000000000298f608]
Event: 29.083 Thread 0x00000000142ba000 6623       1       org.codehaus.groovy.runtime.metaclass.ClosureMetaMethod$AnonymousMetaMethod::getName (5 bytes)
Event: 29.083 Thread 0x00000000142ba000 nmethod 6623 0x000000000301e550 code [0x000000000301e6a0, 0x000000000301e7b0]
Event: 29.083 Thread 0x00000000142ba000 6624       3       org.springframework.beans.FatalBeanException::<init> (7 bytes)
Event: 29.084 Thread 0x00000000142ba000 nmethod 6624 0x0000000003739690 code [0x0000000003739820, 0x0000000003739b08]
Event: 29.084 Thread 0x00000000142ba000 6625       3       org.codehaus.groovy.grails.plugins.DefaultGrailsPlugin::supportsValueInIncludeExcludeMap (70 bytes)
Event: 29.084 Thread 0x00000000142ba000 nmethod 6625 0x00000000029b5350 code [0x00000000029b5520, 0x00000000029b5d88]

GC Heap History (10 events):
Event: 24.867 GC heap before
{Heap before GC invocations=68 (full 6):
 PSYoungGen      total 202752K, used 163673K [0x00000000f0000000, 0x00000000ff600000, 0x0000000100000000)
  eden space 152576K, 100% used [0x00000000f0000000,0x00000000f9500000,0x00000000f9500000)
  from space 50176K, 22% used [0x00000000f9500000,0x00000000f9fd6720,0x00000000fc600000)
  to   space 47104K, 0% used [0x00000000fc800000,0x00000000fc800000,0x00000000ff600000)
 ParOldGen       total 87552K, used 76748K [0x00000000d0000000, 0x00000000d5580000, 0x00000000f0000000)
  object space 87552K, 87% used [0x00000000d0000000,0x00000000d4af3080,0x00000000d5580000)
 Metaspace       used 60019K, capacity 61596K, committed 62028K, reserved 1103872K
  class space    used 6458K, capacity 6938K, committed 7040K, reserved 1048576K
Event: 24.882 GC heap after
Heap after GC invocations=68 (full 6):
 PSYoungGen      total 197632K, used 13366K [0x00000000f0000000, 0x00000000fef80000, 0x0000000100000000)
  eden space 157184K, 0% used [0x00000000f0000000,0x00000000f0000000,0x00000000f9980000)
  from space 40448K, 33% used [0x00000000fc800000,0x00000000fd50db68,0x00000000fef80000)
  to   space 44032K, 0% used [0x00000000f9980000,0x00000000f9980000,0x00000000fc480000)
 ParOldGen       total 87552K, used 77540K [0x00000000d0000000, 0x00000000d5580000, 0x00000000f0000000)
  object space 87552K, 88% used [0x00000000d0000000,0x00000000d4bb9080,0x00000000d5580000)
 Metaspace       used 60019K, capacity 61596K, committed 62028K, reserved 1103872K
  class space    used 6458K, capacity 6938K, committed 7040K, reserved 1048576K
}
Event: 25.963 GC heap before
{Heap before GC invocations=69 (full 6):
 PSYoungGen      total 197632K, used 170550K [0x00000000f0000000, 0x00000000fef80000, 0x0000000100000000)
  eden space 157184K, 100% used [0x00000000f0000000,0x00000000f9980000,0x00000000f9980000)
  from space 40448K, 33% used [0x00000000fc800000,0x00000000fd50db68,0x00000000fef80000)
  to   space 44032K, 0% used [0x00000000f9980000,0x00000000f9980000,0x00000000fc480000)
 ParOldGen       total 87552K, used 77540K [0x00000000d0000000, 0x00000000d5580000, 0x00000000f0000000)
  object space 87552K, 88% used [0x00000000d0000000,0x00000000d4bb9080,0x00000000d5580000)
 Metaspace       used 60766K, capacity 62410K, committed 62668K, reserved 1105920K
  class space    used 6562K, capacity 7048K, committed 7168K, reserved 1048576K
Event: 25.999 GC heap after
Heap after GC invocations=69 (full 6):
 PSYoungGen      total 201216K, used 17908K [0x00000000f0000000, 0x00000000ff100000, 0x0000000100000000)
  eden space 157184K, 0% used [0x00000000f0000000,0x00000000f0000000,0x00000000f9980000)
  from space 44032K, 40% used [0x00000000f9980000,0x00000000faafd2f8,0x00000000fc480000)
  to   space 42496K, 0% used [0x00000000fc780000,0x00000000fc780000,0x00000000ff100000)
 ParOldGen       total 87552K, used 78275K [0x00000000d0000000, 0x00000000d5580000, 0x00000000f0000000)
  object space 87552K, 89% used [0x00000000d0000000,0x00000000d4c70da0,0x00000000d5580000)
 Metaspace       used 60766K, capacity 62410K, committed 62668K, reserved 1105920K
  class space    used 6562K, capacity 7048K, committed 7168K, reserved 1048576K
}
Event: 26.857 GC heap before
{Heap before GC invocations=70 (full 6):
 PSYoungGen      total 201216K, used 175092K [0x00000000f0000000, 0x00000000ff100000, 0x0000000100000000)
  eden space 157184K, 100% used [0x00000000f0000000,0x00000000f9980000,0x00000000f9980000)
  from space 44032K, 40% used [0x00000000f9980000,0x00000000faafd2f8,0x00000000fc480000)
  to   space 42496K, 0% used [0x00000000fc780000,0x00000000fc780000,0x00000000ff100000)
 ParOldGen       total 87552K, used 78275K [0x00000000d0000000, 0x00000000d5580000, 0x00000000f0000000)
  object space 87552K, 89% used [0x00000000d0000000,0x00000000d4c70da0,0x00000000d5580000)
 Metaspace       used 61784K, capacity 63428K, committed 63692K, reserved 1105920K
  class space    used 6677K, capacity 7152K, committed 7168K, reserved 1048576K
Event: 26.886 GC heap after
Heap after GC invocations=70 (full 6):
 PSYoungGen      total 203776K, used 23346K [0x00000000f0000000, 0x00000000ff200000, 0x0000000100000000)
  eden space 161280K, 0% used [0x00000000f0000000,0x00000000f0000000,0x00000000f9d80000)
  from space 42496K, 54% used [0x00000000fc780000,0x00000000fde4c9d8,0x00000000ff100000)
  to   space 43008K, 0% used [0x00000000f9d80000,0x00000000f9d80000,0x00000000fc780000)
 ParOldGen       total 87552K, used 78579K [0x00000000d0000000, 0x00000000d5580000, 0x00000000f0000000)
  object space 87552K, 89% used [0x00000000d0000000,0x00000000d4cbcda0,0x00000000d5580000)
 Metaspace       used 61784K, capacity 63428K, committed 63692K, reserved 1105920K
  class space    used 6677K, capacity 7152K, committed 7168K, reserved 1048576K
}
Event: 28.199 GC heap before
{Heap before GC invocations=71 (full 6):
 PSYoungGen      total 203776K, used 184626K [0x00000000f0000000, 0x00000000ff200000, 0x0000000100000000)
  eden space 161280K, 100% used [0x00000000f0000000,0x00000000f9d80000,0x00000000f9d80000)
  from space 42496K, 54% used [0x00000000fc780000,0x00000000fde4c9d8,0x00000000ff100000)
  to   space 43008K, 0% used [0x00000000f9d80000,0x00000000f9d80000,0x00000000fc780000)
 ParOldGen       total 87552K, used 78579K [0x00000000d0000000, 0x00000000d5580000, 0x00000000f0000000)
  object space 87552K, 89% used [0x00000000d0000000,0x00000000d4cbcda0,0x00000000d5580000)
 Metaspace       used 62804K, capacity 64362K, committed 64588K, reserved 1105920K
  class space    used 6776K, capacity 7249K, committed 7296K, reserved 1048576K
Event: 28.225 GC heap after
Heap after GC invocations=71 (full 6):
 PSYoungGen      total 204288K, used 29878K [0x00000000f0000000, 0x00000000ffa80000, 0x0000000100000000)
  eden space 161280K, 0% used [0x00000000f0000000,0x00000000f0000000,0x00000000f9d80000)
  from space 43008K, 69% used [0x00000000f9d80000,0x00000000fbaad8f8,0x00000000fc780000)
  to   space 45568K, 0% used [0x00000000fce00000,0x00000000fce00000,0x00000000ffa80000)
 ParOldGen       total 87552K, used 78675K [0x00000000d0000000, 0x00000000d5580000, 0x00000000f0000000)
  object space 87552K, 89% used [0x00000000d0000000,0x00000000d4cd4da0,0x00000000d5580000)
 Metaspace       used 62804K, capacity 64362K, committed 64588K, reserved 1105920K
  class space    used 6776K, capacity 7249K, committed 7296K, reserved 1048576K
}
Event: 28.743 GC heap before
{Heap before GC invocations=72 (full 6):
 PSYoungGen      total 204288K, used 191158K [0x00000000f0000000, 0x00000000ffa80000, 0x0000000100000000)
  eden space 161280K, 100% used [0x00000000f0000000,0x00000000f9d80000,0x00000000f9d80000)
  from space 43008K, 69% used [0x00000000f9d80000,0x00000000fbaad8f8,0x00000000fc780000)
  to   space 45568K, 0% used [0x00000000fce00000,0x00000000fce00000,0x00000000ffa80000)
 ParOldGen       total 87552K, used 78675K [0x00000000d0000000, 0x00000000d5580000, 0x00000000f0000000)
  object space 87552K, 89% used [0x00000000d0000000,0x00000000d4cd4da0,0x00000000d5580000)
 Metaspace       used 64095K, capacity 65706K, committed 66124K, reserved 1107968K
  class space    used 6967K, capacity 7441K, committed 7552K, reserved 1048576K
Event: 28.779 GC heap after
Heap after GC invocations=72 (full 6):
 PSYoungGen      total 206848K, used 34839K [0x00000000f0000000, 0x0000000100000000, 0x0000000100000000)
  eden space 161280K, 0% used [0x00000000f0000000,0x00000000f0000000,0x00000000f9d80000)
  from space 45568K, 76% used [0x00000000fce00000,0x00000000ff005db8,0x00000000ffa80000)
  to   space 49664K, 0% used [0x00000000f9d80000,0x00000000f9d80000,0x00000000fce00000)
 ParOldGen       total 87552K, used 78723K [0x00000000d0000000, 0x00000000d5580000, 0x00000000f0000000)
  object space 87552K, 89% used [0x00000000d0000000,0x00000000d4ce0da0,0x00000000d5580000)
 Metaspace       used 64095K, capacity 65706K, committed 66124K, reserved 1107968K
  class space    used 6967K, capacity 7441K, committed 7552K, reserved 1048576K
}

Deoptimization events (10 events):
Event: 27.807 Thread 0x0000000017073800 Uncommon trap: reason=class_check action=maybe_recompile pc=0x000000000357bc2c method=sun.reflect.generics.factory.CoreReflectionFactory.getDeclsLoader()Ljava/lang/ClassLoader; @ 25
Event: 27.807 Thread 0x0000000017073800 Uncommon trap: reason=class_check action=maybe_recompile pc=0x000000000357bc2c method=sun.reflect.generics.factory.CoreReflectionFactory.getDeclsLoader()Ljava/lang/ClassLoader; @ 25
Event: 27.824 Thread 0x0000000017073800 Uncommon trap: reason=null_check action=make_not_entrant pc=0x0000000003932dd0 method=org.springframework.util.ReflectionUtils.getDeclaredMethods(Ljava/lang/Class;)[Ljava/lang/reflect/Method; @ 9
Event: 27.972 Thread 0x0000000017073800 Uncommon trap: reason=null_check action=make_not_entrant pc=0x00000000026796f0 method=java.util.concurrent.ConcurrentHashMap$TreeBin.<init>(Ljava/util/concurrent/ConcurrentHashMap$TreeNode;)V @ 26
Event: 28.082 Thread 0x0000000017073800 Uncommon trap: reason=class_check action=maybe_recompile pc=0x000000000357bc2c method=sun.reflect.generics.factory.CoreReflectionFactory.getDeclsLoader()Ljava/lang/ClassLoader; @ 25
Event: 28.082 Thread 0x0000000017073800 Uncommon trap: reason=class_check action=maybe_recompile pc=0x000000000357bc2c method=sun.reflect.generics.factory.CoreReflectionFactory.getDeclsLoader()Ljava/lang/ClassLoader; @ 25
Event: 28.519 Thread 0x0000000017073800 Uncommon trap: reason=unreached action=reinterpret pc=0x0000000002e082e8 method=org.springframework.util.ObjectUtils.nullSafeEquals(Ljava/lang/Object;Ljava/lang/Object;)Z @ 8
Event: 28.646 Thread 0x0000000017073800 Uncommon trap: reason=array_check action=maybe_recompile pc=0x000000000351bc60 method=java.util.ComparableTimSort.binarySort([Ljava/lang/Object;III)V @ 193
Event: 28.795 Thread 0x0000000017073800 Uncommon trap: reason=array_check action=maybe_recompile pc=0x0000000003a193a0 method=java.util.ComparableTimSort.binarySort([Ljava/lang/Object;III)V @ 183
Event: 28.802 Thread 0x0000000017073800 Uncommon trap: reason=array_check action=maybe_recompile pc=0x0000000003a193a0 method=java.util.ComparableTimSort.binarySort([Ljava/lang/Object;III)V @ 183

Internal exceptions (10 events):
Event: 29.079 Thread 0x0000000017073800 Exception <a 'java/security/PrivilegedActionException'> (0x00000000f3e02380) thrown at [D:\re\workspace\8-2-build-windows-amd64-cygwin\jdk8u5\2488\hotspot\src\share\vm\prims\jvm.cpp, line 1248]
Event: 29.079 Thread 0x0000000017073800 Exception <a 'java/security/PrivilegedActionException'> (0x00000000f3e06e78) thrown at [D:\re\workspace\8-2-build-windows-amd64-cygwin\jdk8u5\2488\hotspot\src\share\vm\prims\jvm.cpp, line 1248]
Event: 29.079 Thread 0x0000000017073800 Exception <a 'java/security/PrivilegedActionException'> (0x00000000f3e18fb0) thrown at [D:\re\workspace\8-2-build-windows-amd64-cygwin\jdk8u5\2488\hotspot\src\share\vm\prims\jvm.cpp, line 1248]
Event: 29.079 Thread 0x0000000017073800 Exception <a 'java/security/PrivilegedActionException'> (0x00000000f3e41770) thrown at [D:\re\workspace\8-2-build-windows-amd64-cygwin\jdk8u5\2488\hotspot\src\share\vm\prims\jvm.cpp, line 1248]
Event: 29.080 Thread 0x0000000017073800 Exception <a 'java/lang/ClassNotFoundException': org/codehaus/groovy/grails/commons/metaclass/MetaClassEnhancer$1Customizer> (0x00000000f3e426b8) thrown at [D:\re\workspace\8-2-build-windows-amd64-cygwin\jdk8u5\2488\hotspot\src\share\vm\classfile\systemDicâ„_1 =@
Event: 29.084 Thread 0x0000000017073800 Exception <a 'java/security/PrivilegedActionException'> (0x00000000f3e7ed30) thrown at [D:\re\workspace\8-2-build-windows-amd64-cygwin\jdk8u5\2488\hotspot\src\share\vm\prims\jvm.cpp, line 1248]
Event: 29.085 Thread 0x0000000017073800 Exception <a 'java/security/PrivilegedActionException'> (0x00000000f3e82db0) thrown at [D:\re\workspace\8-2-build-windows-amd64-cygwin\jdk8u5\2488\hotspot\src\share\vm\prims\jvm.cpp, line 1248]
Event: 29.086 Thread 0x0000000017073800 Exception <a 'java/security/PrivilegedActionException'> (0x00000000f3e940d0) thrown at [D:\re\workspace\8-2-build-windows-amd64-cygwin\jdk8u5\2488\hotspot\src\share\vm\prims\jvm.cpp, line 1248]
Event: 29.086 Thread 0x0000000017073800 Exception <a 'java/security/PrivilegedActionException'> (0x00000000f3e997e0) thrown at [D:\re\workspace\8-2-build-windows-amd64-cygwin\jdk8u5\2488\hotspot\src\share\vm\prims\jvm.cpp, line 1248]
Event: 29.087 Thread 0x0000000017073800 Exception <a 'java/security/PrivilegedActionException'> (0x00000000f3eadab0) thrown at [D:\re\workspace\8-2-build-windows-amd64-cygwin\jdk8u5\2488\hotspot\src\share\vm\prims\jvm.cpp, line 1248]

Events (10 events):
Event: 29.079 loading class org/codehaus/groovy/grails/commons/metaclass/MetaClassEnhancer$1Customizer
Event: 29.079 loading class org/codehaus/groovy/grails/commons/metaclass/MetaClassEnhancer$1Customizer done
Event: 29.079 loading class org/codehaus/groovy/grails/commons/metaclass/MetaClassEnhancer$1Customizer
Event: 29.080 loading class org/codehaus/groovy/grails/commons/metaclass/MetaClassEnhancer$1Customizer done
Event: 29.084 loading class org/codehaus/groovy/grails/web/util/StreamCharBufferMetaUtils
Event: 29.084 loading class org/codehaus/groovy/grails/web/util/StreamCharBufferMetaUtils done
Event: 29.086 loading class groovy/runtime/metaclass/org/codehaus/groovy/grails/web/util/StreamCharBufferMetaUtilsMetaClass
Event: 29.086 loading class groovy/runtime/metaclass/org/codehaus/groovy/grails/web/util/StreamCharBufferMetaUtilsMetaClass done
Event: 29.087 loading class org/codehaus/groovy/grails/web/util/StreamCharBufferMetaUtilsBeanInfo
Event: 29.087 loading class org/codehaus/groovy/grails/web/util/StreamCharBufferMetaUtilsBeanInfo done


Dynamic libraries:
0x00007ff690d30000 - 0x00007ff690d64000 	C:\Program Files\Java\jdk1.8.0_05\bin\java.exe
0x00007fff91cf0000 - 0x00007fff91eb1000 	C:\WINDOWS\SYSTEM32\ntdll.dll
0x00007fff8f670000 - 0x00007fff8f71d000 	C:\WINDOWS\system32\KERNEL32.DLL
0x00007fff8e430000 - 0x00007fff8e618000 	C:\WINDOWS\system32\KERNELBASE.dll
0x00007fff917f0000 - 0x00007fff91897000 	C:\WINDOWS\system32\ADVAPI32.dll
0x00007fff8f9b0000 - 0x00007fff8fa4d000 	C:\WINDOWS\system32\msvcrt.dll
0x00007fff8f8d0000 - 0x00007fff8f92b000 	C:\WINDOWS\system32\sechost.dll
0x00007fff8f0f0000 - 0x00007fff8f20c000 	C:\WINDOWS\system32\RPCRT4.dll
0x00007fff8f510000 - 0x00007fff8f666000 	C:\WINDOWS\system32\USER32.dll
0x00007fff91230000 - 0x00007fff913b6000 	C:\WINDOWS\system32\GDI32.dll
0x00007fff80670000 - 0x00007fff808e4000 	C:\WINDOWS\WinSxS\amd64_microsoft.windows.common-controls_6595b64144ccf1df_6.0.10586.0_none_8c15ae12515e1c22\COMCTL32.dll
0x00007fff8f230000 - 0x00007fff8f4ad000 	C:\WINDOWS\system32\combase.dll
0x00007fff8ed80000 - 0x00007fff8edea000 	C:\WINDOWS\system32\bcryptPrimitives.dll
0x00007fff91180000 - 0x00007fff911bb000 	C:\WINDOWS\system32\IMM32.DLL
0x000000006ae10000 - 0x000000006aee2000 	C:\Program Files\Java\jdk1.8.0_05\jre\bin\msvcr100.dll
0x000000006a5e0000 - 0x000000006ae0a000 	C:\Program Files\Java\jdk1.8.0_05\jre\bin\server\jvm.dll
0x00007fff8f210000 - 0x00007fff8f218000 	C:\WINDOWS\system32\PSAPI.DLL
0x00007fff81a20000 - 0x00007fff81a29000 	C:\WINDOWS\SYSTEM32\WSOCK32.dll
0x00007fff8c880000 - 0x00007fff8c8a3000 	C:\WINDOWS\SYSTEM32\WINMM.dll
0x00007fff911c0000 - 0x00007fff9122b000 	C:\WINDOWS\system32\WS2_32.dll
0x00007fff8c630000 - 0x00007fff8c65c000 	C:\WINDOWS\SYSTEM32\WINMMBASE.dll
0x00007fff8e620000 - 0x00007fff8e663000 	C:\WINDOWS\system32\cfgmgr32.dll
0x000000006bf00000 - 0x000000006bf0f000 	C:\Program Files\Java\jdk1.8.0_05\jre\bin\verify.dll
0x000000006bde0000 - 0x000000006be08000 	C:\Program Files\Java\jdk1.8.0_05\jre\bin\java.dll
0x000000006a5b0000 - 0x000000006a5d3000 	C:\Program Files\Java\jdk1.8.0_05\jre\bin\instrument.dll
0x000000006bee0000 - 0x000000006bef6000 	C:\Program Files\Java\jdk1.8.0_05\jre\bin\zip.dll
0x00007fff8fc20000 - 0x00007fff9117f000 	C:\WINDOWS\system32\SHELL32.dll
0x00007fff8e670000 - 0x00007fff8ecb4000 	C:\WINDOWS\system32\windows.storage.dll
0x00007fff8f4b0000 - 0x00007fff8f502000 	C:\WINDOWS\system32\shlwapi.dll
0x00007fff8e380000 - 0x00007fff8e38f000 	C:\WINDOWS\system32\kernel.appcore.dll
0x00007fff8ecc0000 - 0x00007fff8ed75000 	C:\WINDOWS\system32\shcore.dll
0x00007fff8e330000 - 0x00007fff8e37b000 	C:\WINDOWS\system32\powrprof.dll
0x00007fff8e310000 - 0x00007fff8e324000 	C:\WINDOWS\system32\profapi.dll
0x00007fff8dc90000 - 0x00007fff8dca7000 	C:\WINDOWS\SYSTEM32\CRYPTSP.dll
0x00007fff8d920000 - 0x00007fff8d954000 	C:\WINDOWS\system32\rsaenh.dll
0x00007fff8e250000 - 0x00007fff8e279000 	C:\WINDOWS\SYSTEM32\bcrypt.dll
0x00007fff8da70000 - 0x00007fff8da8f000 	C:\WINDOWS\SYSTEM32\USERENV.dll
0x00007fff8ddb0000 - 0x00007fff8ddbb000 	C:\WINDOWS\SYSTEM32\CRYPTBASE.dll
0x000000006bdc0000 - 0x000000006bdda000 	C:\Program Files\Java\jdk1.8.0_05\jre\bin\net.dll
0x00007fff8dbe0000 - 0x00007fff8dc3c000 	C:\WINDOWS\system32\mswsock.dll
0x00007fff8b3d0000 - 0x00007fff8b408000 	C:\WINDOWS\SYSTEM32\IPHLPAPI.DLL
0x00007fff91c30000 - 0x00007fff91c38000 	C:\WINDOWS\system32\NSI.dll
0x00007fff86b50000 - 0x00007fff86b66000 	C:\WINDOWS\SYSTEM32\dhcpcsvc6.DLL
0x00007fff86ad0000 - 0x00007fff86aea000 	C:\WINDOWS\SYSTEM32\dhcpcsvc.DLL
0x000000006bb60000 - 0x000000006bb71000 	C:\Program Files\Java\jdk1.8.0_05\jre\bin\nio.dll
0x00007fff82a70000 - 0x00007fff82a7a000 	C:\Users\TranNguyen\AppData\Local\Temp\jansi-64-8435315028088890515.dll
0x000000006a570000 - 0x000000006a57d000 	C:\Program Files\Java\jdk1.8.0_05\jre\bin\management.dll
0x00007fff8ccd0000 - 0x00007fff8cd7a000 	C:\WINDOWS\SYSTEM32\DNSAPI.dll
0x000000006c0a0000 - 0x000000006c0c6000 	C:\Program Files\Bonjour\mdnsNSP.dll
0x00007fff831d0000 - 0x00007fff831da000 	C:\Windows\System32\rasadhlp.dll
0x00007fff86ea0000 - 0x00007fff86f07000 	C:\WINDOWS\System32\fwpuclnt.dll
0x00007fff80de0000 - 0x00007fff80df6000 	C:\WINDOWS\system32\napinsp.dll
0x00007fff80e00000 - 0x00007fff80e1a000 	C:\WINDOWS\system32\pnrpnsp.dll
0x00007fff8bf00000 - 0x00007fff8bf18000 	C:\WINDOWS\system32\NLAapi.dll
0x00007fff82a40000 - 0x00007fff82a4d000 	C:\WINDOWS\System32\winrnr.dll
0x00007fff82a50000 - 0x00007fff82a65000 	C:\WINDOWS\System32\wshbth.dll
0x00007fff70a30000 - 0x00007fff70bbc000 	C:\WINDOWS\SYSTEM32\dbghelp.dll

VM Arguments:
jvm_args: -Dfile.encoding=UTF-8 -Xmx768M -Xms64M -Dgrails.fork.parent.process.port=47862 -Dgrails.fork.active=true -Dgrails.build.execution.context=C:\Users\TranNguyen\AppData\Local\Temp\ChineseWeb3875930571513630126grails-execution-context -Dgrails.home=D:\GGTS\grails-2.4.4 -javaagent:D:\GGTS\grails-2.4.4\lib\org.springframework\springloaded\jars\springloaded-1.2.1.RELEASE.jar -Xverify:none -Dspringloaded.synchronize=true -Djdk.reflect.allowGetCallerClass=true -Dspringloaded=profile=grails;cacheDir=C:\Users\TranNguyen\.grails\2.4.4 
java_command: org.grails.plugins.tomcat.fork.ForkedTomcatServer
java_class_path (initial): C:\Program Files\Java\jdk1.8.0_05\lib\tools.jar;D:\GGTS\grails-2.4.4\lib\org.codehaus.groovy\groovy-all\jars\groovy-all-2.3.7.jar;D:\GGTS\grails-2.4.4\lib\org.slf4j\jcl-over-slf4j\jars\jcl-over-slf4j-1.7.5.jar;D:\GGTS\grails-2.4.4\lib\org.codehaus.gant\gant_groovy1.8\jars\gant_groovy1.8-1.9.6.jar;D:\GGTS\grails-2.4.4\lib\org.apache.tomcat.embed\tomcat-embed-logging-log4j\jars\tomcat-embed-logging-log4j-7.0.50.jar;D:\GGTS\grails-2.4.4\dist\grails-plugin-log4j-2.4.4.jar;D:\GGTS\grails-2.4.4\lib\log4j\log4j\jars\log4j-1.2.17.jar;D:\GGTS\grails-2.4.4\dist\grails-bootstrap-2.4.4.jar;D:\GGTS\grails-2.4.4\lib\org.slf4j\slf4j-api\jars\slf4j-api-1.7.5.jar;D:\GGTS\grails-2.4.4\lib\jline\jline\jars\jline-2.12.jar;D:\GGTS\grails-2.4.4\lib\org.apache.ant\ant\jars\ant-1.8.4.jar;D:\GGTS\grails-2.4.4\lib\org.apache.ant\ant-launcher\jars\ant-launcher-1.8.4.jar;D:\GGTS\grails-2.4.4\lib\org.apache.ant\ant-trax\jars\ant-trax-1.7.1.jar;D:\GGTS\grails-2.4.4\lib\org.apache.ant\ant-junit\jars\ant-junit-1.8.4.jar;D:\GGTS\grails-2.4.4\lib\org.apache.ivy\ivy\jars\ivy-2.3.0.jar;D:\GGTS\grails-2.4.4\lib\org.fusesource.jansi\jansi\jars\jansi-1.11.jar;C:\Users\TranNguyen\.m2\repository\org\apache\tomcat\tomcat-catalina-ant\7.0.55\tomcat-catalina-ant-7.0.55.jar;C:\Users\TranNguyen\.m2\repository\org\apache\tomcat\embed\tomcat-embed-jasper\7.0.55\tomcat-embed-jasper-7.0.55.jar;C:\Users\TranNguyen\.m2\repository\org\apache\tomcat\embed\tomcat-embed-el\7.0.55\tomcat-embed-el-7.0.55.jar;C:\Users\TranNguyen\.m2\repository\org\apache\tomcat\embed\tomcat-embed-logging-log4j\7.0.55\tomcat-embed-logging-log4j-7.0.55.jar;C:\Users\TranNguyen\.m2\repository\org\apache\tomcat\embed\tomcat-embed-websocket\7.0.55\tomcat-embed-websocket-7.0.55.jar;C:\Users\TranNguyen\.m2\repository\org\apache\tomcat\embed\tomcat-embed-core\7.0.55\tomcat-embed-core-7.0.55.jar;C:\Users\TranNguyen\.m2\repository\org\eclipse\jdt\core\compiler\ecj\3.7.2\ecj-3.7.2.jar;C:\Users\TranNguyen\Documents\GitHub\Ch
Launcher Type: SUN_STANDARD

Environment Variables:
JAVA_HOME=C:\Program Files\Java\jdk1.8.0_05
CLASSPATH=.;C:\Program Files (x86)\Java\jre7\lib\ext\QTJava.zip
PATH=C:\Program Files (x86)\NVIDIA Corporation\PhysX\Common;C:\WINDOWS\system32;C:\WINDOWS;C:\WINDOWS\System32\Wbem;C:\WINDOWS\System32\WindowsPowerShell\v1.0\;C:\Program Files (x86)\SMLNJ\bin\;C:\Program Files (x86)\QuickTime\QTSystem\;C:\Program Files (x86)\MySQL\MySQL Fabric 1.5.3 & MySQL Utilities 1.5.3 1.5\;C:\Program Files (x86)\MySQL\MySQL Fabric 1.5.3 & MySQL Utilities 1.5.3 1.5\Doctrine extensions for PHP\;D:\MATLAB\R2014a\runtime\win64;D:\MATLAB\R2014a\bin;D:\MATLAB\R2014a\polyspace\bin;C:\Python34;C:\MinGW\bin;C:\MinGW\mingw32\bin;C:\Program Files (x86)\Skype\Phone\;C:\Program Files (x86)\Windows Kits\8.1\Windows Performance Toolkit\;C:\Program Files\Microsoft SQL Server\110\Tools\Binn\;C:\Program Files (x86)\Microsoft SDKs\TypeScript\1.0\;C:\Program Files\Microsoft SQL Server\120\Tools\Binn\;C:\MinGW\bin;C:\Python34;D:\GGTS\grails-2.4.4\bin;C:\Python34\Scripts;C:\MinGW\mingw32\bin
USERNAME=TranNguyen
OS=Windows_NT
PROCESSOR_IDENTIFIER=Intel64 Family 6 Model 58 Stepping 9, GenuineIntel



---------------  S Y S T E M  ---------------

OS: Windows 8.1 , 64 bit Build 9600 

CPU:total 4 (2 cores per cpu, 2 threads per core) family 6 model 58 stepping 9, cmov, cx8, fxsr, mmx, sse, sse2, sse3, ssse3, sse4.1, sse4.2, popcnt, avx, aes, clmul, erms, ht, tsc, tscinvbit

Memory: 4k page, physical 16660020k(9684308k free), swap 19150388k(10400064k free)

vm_info: Java HotSpot(TM) 64-Bit Server VM (25.5-b02) for windows-amd64 JRE (1.8.0_05-b13), built on Mar 18 2014 01:08:39 by "java_re" with MS VC++ 10.0 (VS2010)

time: Mon Jan 18 18:00:43 2016
elapsed time: 29 seconds

